Base path: C:/Program Files (x86)/Unity/Editor/Data
Pipe name: \\.\pipe\UnityShaderCompiler-6-6436
Cmd: getPlatforms
Cmd: compileSnippet
  api=0 type=0 insize=4429 outsize=1066 kw=DIRECTIONAL SHADOWS_SCREEN LIGHTMAP_OFF DIRLIGHTMAP_OFF ok=1
Cmd: compileSnippet
  api=0 type=1 insize=4429 outsize=327 kw=DIRECTIONAL SHADOWS_OFF LIGHTMAP_ON DIRLIGHTMAP_ON ok=1
Cmd: compileSnippet
  api=1 type=0 insize=2380 outsize=279 kw=DIRECTIONAL ok=1
Cmd: compileSnippet
  api=1 type=1 insize=2380 outsize=583 kw=SPOT ok=1
Cmd: compileSnippet
  api=0 type=0 insize=1835 outsize=457 kw= ok=1
Cmd: compileSnippet
  api=0 type=0 insize=4121 outsize=937 kw=LIGHTMAP_OFF DIRLIGHTMAP_OFF HDR_LIGHT_PREPASS_ON ok=1
Cmd: compileSnippet
  api=0 type=1 insize=4121 outsize=320 kw=LIGHTMAP_OFF DIRLIGHTMAP_OFF HDR_LIGHT_PREPASS_ON ok=1
Cmd: compileSnippet
  api=0 type=0 insize=1617 outsize=700 kw= ok=1
Unhandled exception: Readfile from pipe failed. GLE=Potok zosta³ zakoñczony.


Quitting shader compiler process
